TOUCANS
TERMINATORS
TEAL TITANS
SWEETHEARTS
SUGER BEES
STINGRAYS
STAR SHOOTERS
SPEEDY TURTLES
SPACE BABES
SILVER BUTTERFLIES
SCORPIONS
MIND TRIP
MIDNIGHT RAIDERS
MEAN GREEN ALIENS
MANARCHS
FUGITIVES
FLAMING TIGERS
FIRE STRIKERS
FIGHTING IRISH 
AVALANCHE
ANTEATERS
AMERICAN BABES
0% ANGELS 
Winner
Elixir Junior
Legalize
Savage
The Skyrynners
Shooting Stars
The Abusement Park
Chafing the Dream
The Big Egos
--- Round N0.1
TOUCANS
                       -                    TERMINATORS

TEAL TITANS
                   -                    SWEETHEARTS

SUGER BEES
                    -                      STINGRAYS

STAR SHOOTERS
                 -                 SPEEDY TURTLES

SPACE BABES
                   -             SILVER BUTTERFLIES

SCORPIONS
                     -                      MIND TRIP

MIDNIGHT RAIDERS
              -              MEAN GREEN ALIENS

MANARCHS
                      -                      FUGITIVES

FLAMING TIGERS
                -                  FIRE STRIKERS

FIGHTING IRISH 
               -                      AVALANCHE

ANTEATERS
                     -                 AMERICAN BABES

0% ANGELS 
                    -                         Winner

Elixir Junior
                 -                       Legalize

Savage
                        -                 The Skyrynners

Shooting Stars
                -             The Abusement Park

Chafing the Dream
             -                   The Big Egos

WINNERS OF THE ROUND NO.1:
TERMINATORS
                     -  7.30
TEAL TITANS
                    -  6.80
STINGRAYS
                       -  6.10
SPEEDY TURTLES
                  -  6.90
SILVER BUTTERFLIES
              -  6.00
MIND TRIP
                       -  5.90
MEAN GREEN ALIENS
               -  5.60
FUGITIVES
                       -  6.00
FLAMING TIGERS
                 -  5.20
FIGHTING IRISH 
                -  6.80
AMERICAN BABES
                  -  6.40
Winner
                          -  7.20
Elixir Junior
                  -  5.50
The Skyrynners
                  -  5.40
The Abusement Park
              -  7.30
Chafing the Dream
              -  5.60
--- Round N0.2
Chafing the Dream
             -             The Abusement Park

The Skyrynners
                -                  Elixir Junior

Winner
                        -                 AMERICAN BABES

FIGHTING IRISH 
               -                 FLAMING TIGERS

FUGITIVES
                     -              MEAN GREEN ALIENS

MIND TRIP
                     -             SILVER BUTTERFLIES

SPEEDY TURTLES
                -                      STINGRAYS

TEAL TITANS
                   -                    TERMINATORS

WINNERS OF THE ROUND NO.2:
The Abusement Park
              -  8.30
Elixir Junior
                   -  6.50
Winner
                         -  8.20
FIGHTING IRISH 
                -  7.80
FUGITIVES
                      -  7.00
SILVER BUTTERFLIES
              -  7.00
SPEEDY TURTLES
                 -  7.90
TERMINATORS
                     -  8.30
--- Round N0.3
TERMINATORS
                   -                 SPEEDY TURTLES

SILVER BUTTERFLIES
            -                      FUGITIVES

FIGHTING IRISH 
               -                         Winner

Elixir Junior
                 -             The Abusement Park

WINNERS OF THE ROUND NO.3:
TERMINATORS
                    -  9.30
SILVER BUTTERFLIES
             -  8.00
Winner
                          -  9.20
The Abusement Park
              -  9.30
--- Round N0.4
The Abusement Park
            -                         Winner

SILVER BUTTERFLIES
            -                    TERMINATORS

WINNERS OF THE ROUND NO.4:
The Abusement Park
             -  10.30
TERMINATORS
                     -  10.30
--- Round N0.5
TERMINATORS
                   -             The Abusement Park

WINNERS OF THE ROUND NO.5:
TERMINATORS
                    -  11.30
